running egg_info
creating build/obstacle_detection/obstacle_detection.egg-info
writing build/obstacle_detection/obstacle_detection.egg-info/PKG-INFO
writing dependency_links to build/obstacle_detection/obstacle_detection.egg-info/dependency_links.txt
writing entry points to build/obstacle_detection/obstacle_detection.egg-info/entry_points.txt
writing requirements to build/obstacle_detection/obstacle_detection.egg-info/requires.txt
writing top-level names to build/obstacle_detection/obstacle_detection.egg-info/top_level.txt
writing manifest file 'build/obstacle_detection/obstacle_detection.egg-info/SOURCES.txt'
reading manifest file 'build/obstacle_detection/obstacle_detection.egg-info/SOURCES.txt'
writing manifest file 'build/obstacle_detection/obstacle_detection.egg-info/SOURCES.txt'
running build
running build_py
creating /root/ros2_ws/src/obstacle_detection/build/obstacle_detection/build
creating /root/ros2_ws/src/obstacle_detection/build/obstacle_detection/build/lib
creating /root/ros2_ws/src/obstacle_detection/build/obstacle_detection/build/lib/obstacle_detection
copying obstacle_detection/__init__.py -> /root/ros2_ws/src/obstacle_detection/build/obstacle_detection/build/lib/obstacle_detection
copying obstacle_detection/obstacle_detection_node.py -> /root/ros2_ws/src/obstacle_detection/build/obstacle_detection/build/lib/obstacle_detection
running install
running install_lib
creating /root/ros2_ws/src/obstacle_detection/install/obstacle_detection/lib/python3.10/site-packages/obstacle_detection
copying /root/ros2_ws/src/obstacle_detection/build/obstacle_detection/build/lib/obstacle_detection/__init__.py -> /root/ros2_ws/src/obstacle_detection/install/obstacle_detection/lib/python3.10/site-packages/obstacle_detection
copying /root/ros2_ws/src/obstacle_detection/build/obstacle_detection/build/lib/obstacle_detection/obstacle_detection_node.py -> /root/ros2_ws/src/obstacle_detection/install/obstacle_detection/lib/python3.10/site-packages/obstacle_detection
byte-compiling /root/ros2_ws/src/obstacle_detection/install/obstacle_detection/lib/python3.10/site-packages/obstacle_detection/__init__.py to __init__.cpython-310.pyc
byte-compiling /root/ros2_ws/src/obstacle_detection/install/obstacle_detection/lib/python3.10/site-packages/obstacle_detection/obstacle_detection_node.py to obstacle_detection_node.cpython-310.pyc
running install_data
creating /root/ros2_ws/src/obstacle_detection/install/obstacle_detection/share/ament_index
creating /root/ros2_ws/src/obstacle_detection/install/obstacle_detection/share/ament_index/resource_index
creating /root/ros2_ws/src/obstacle_detection/install/obstacle_detection/share/ament_index/resource_index/packages
copying resource/obstacle_detection -> /root/ros2_ws/src/obstacle_detection/install/obstacle_detection/share/ament_index/resource_index/packages
copying package.xml -> /root/ros2_ws/src/obstacle_detection/install/obstacle_detection/share/obstacle_detection
running install_egg_info
Copying build/obstacle_detection/obstacle_detection.egg-info to /root/ros2_ws/src/obstacle_detection/install/obstacle_detection/lib/python3.10/site-packages/obstacle_detection-0.0.0-py3.10.egg-info
running install_scripts
Installing obstacle_detection_node script to /root/ros2_ws/src/obstacle_detection/install/obstacle_detection/lib/obstacle_detection
writing list of installed files to '/root/ros2_ws/src/obstacle_detection/build/obstacle_detection/install.log'
