[6.705s] DEBUG:colcon:Command line arguments: ['/usr/bin/colcon', 'build', '--packages-select', 'obstacle_detection']
[6.708s] DEBUG:colcon:Parsed command line arguments: Namespace(log_base=None, log_level=None, verb_name='build', build_base='build', install_base='install', merge_install=False, symlink_install=False, test_result_base=None, continue_on_error=False, executor='parallel', parallel_workers=2, event_handlers=None, ignore_user_meta=False, metas=['./colcon.meta'], base_paths=['.'], packages_ignore=None, packages_ignore_regex=None, paths=None, packages_up_to=None, packages_up_to_regex=None, packages_above=None, packages_above_and_dependencies=None, packages_above_depth=None, packages_select_by_dep=None, packages_skip_by_dep=None, packages_skip_up_to=None, packages_select_build_failed=False, packages_skip_build_finished=False, packages_select_test_failures=False, packages_skip_test_passed=False, packages_select=['obstacle_detection'], packages_skip=None, packages_select_regex=None, packages_skip_regex=None, packages_start=None, packages_end=None, cmake_args=None, cmake_target=None, cmake_target_skip_unavailable=False, cmake_clean_cache=False, cmake_clean_first=False, cmake_force_configure=False, ament_cmake_args=None, catkin_cmake_args=None, catkin_skip_building_tests=False, mixin_files=None, mixin=None, verb_parser=<colcon_mixin.mixin.mixin_argument.MixinArgumentDecorator object at 0x7ff106b24880>, verb_extension=<colcon_core.verb.build.BuildVerb object at 0x7ff106dfa200>, main=<bound method BuildVerb.main of <colcon_core.verb.build.BuildVerb object at 0x7ff106dfa200>>, mixin_verb=('build',))
[7.052s] Level 1:colcon.colcon_core.package_discovery:discover_packages(colcon_meta) check parameters
[7.057s] INFO:colcon.colcon_metadata.package_discovery.colcon_meta:Using configuration from '/root/.colcon/metadata/default/Gazebo.meta'
[7.060s] INFO:colcon.colcon_metadata.package_discovery.colcon_meta:Using configuration from '/root/.colcon/metadata/default/fastrtps.meta'
[7.060s] Level 1:colcon.colcon_core.package_discovery:discover_packages(recursive) check parameters
[7.060s] Level 1:colcon.colcon_core.package_discovery:discover_packages(ignore) check parameters
[7.060s] Level 1:colcon.colcon_core.package_discovery:discover_packages(path) check parameters
[7.060s] Level 1:colcon.colcon_core.package_discovery:discover_packages(colcon_meta) discover
[7.061s] Level 1:colcon.colcon_core.package_discovery:discover_packages(recursive) discover
[7.061s] INFO:colcon.colcon_core.package_discovery:Crawling recursively for packages in '/root/ros2_ws/src/obstacle_detection'
[7.061s] Level 1:colcon.colcon_core.package_identification:_identify(.) by extensions ['ignore', 'ignore_ament_install']
[7.061s] Level 1:colcon.colcon_core.package_identification:_identify(.) by extension 'ignore'
[7.064s] Level 1:colcon.colcon_core.package_identification:_identify(.) by extension 'ignore_ament_install'
[7.064s] Level 1:colcon.colcon_core.package_identification:_identify(.) by extensions ['colcon_pkg']
[7.064s] Level 1:colcon.colcon_core.package_identification:_identify(.) by extension 'colcon_pkg'
[7.064s] Level 1:colcon.colcon_core.package_identification:_identify(.) by extensions ['colcon_meta']
[7.064s] Level 1:colcon.colcon_core.package_identification:_identify(.) by extension 'colcon_meta'
[7.064s] Level 1:colcon.colcon_core.package_identification:_identify(.) by extensions ['ros']
[7.064s] Level 1:colcon.colcon_core.package_identification:_identify(.) by extension 'ros'
[7.148s] DEBUG:colcon.colcon_core.package_identification:Package '.' with type 'ros.ament_python' and name 'obstacle_detection'
[7.149s] Level 1:colcon.colcon_core.package_discovery:discover_packages(recursive) using defaults
[7.149s] Level 1:colcon.colcon_core.package_discovery:discover_packages(ignore) discover
[7.149s] Level 1:colcon.colcon_core.package_discovery:discover_packages(ignore) using defaults
[7.149s] Level 1:colcon.colcon_core.package_discovery:discover_packages(path) discover
[7.149s] Level 1:colcon.colcon_core.package_discovery:discover_packages(path) using defaults
[7.537s] Level 5:colcon.colcon_core.verb:set package 'obstacle_detection' build argument 'cmake_args' from command line to 'None'
[7.537s] Level 5:colcon.colcon_core.verb:set package 'obstacle_detection' build argument 'cmake_target' from command line to 'None'
[7.537s] Level 5:colcon.colcon_core.verb:set package 'obstacle_detection' build argument 'cmake_target_skip_unavailable' from command line to 'False'
[7.537s] Level 5:colcon.colcon_core.verb:set package 'obstacle_detection' build argument 'cmake_clean_cache' from command line to 'False'
[7.537s] Level 5:colcon.colcon_core.verb:set package 'obstacle_detection' build argument 'cmake_clean_first' from command line to 'False'
[7.540s] Level 5:colcon.colcon_core.verb:set package 'obstacle_detection' build argument 'cmake_force_configure' from command line to 'False'
[7.540s] Level 5:colcon.colcon_core.verb:set package 'obstacle_detection' build argument 'ament_cmake_args' from command line to 'None'
[7.540s] Level 5:colcon.colcon_core.verb:set package 'obstacle_detection' build argument 'catkin_cmake_args' from command line to 'None'
[7.540s] Level 5:colcon.colcon_core.verb:set package 'obstacle_detection' build argument 'catkin_skip_building_tests' from command line to 'False'
[7.540s] DEBUG:colcon.colcon_core.verb:Building package 'obstacle_detection' with the following arguments: {'ament_cmake_args': None, 'build_base': '/root/ros2_ws/src/obstacle_detection/build/obstacle_detection', 'catkin_cmake_args': None, 'catkin_skip_building_tests': False, 'cmake_args': None, 'cmake_clean_cache': False, 'cmake_clean_first': False, 'cmake_force_configure': False, 'cmake_target': None, 'cmake_target_skip_unavailable': False, 'install_base': '/root/ros2_ws/src/obstacle_detection/install/obstacle_detection', 'merge_install': False, 'path': '/root/ros2_ws/src/obstacle_detection', 'symlink_install': False, 'test_result_base': None}
[7.608s] INFO:colcon.colcon_core.executor:Executing jobs using 'parallel' executor
[7.668s] DEBUG:colcon.colcon_parallel_executor.executor.parallel:run_until_complete
[7.669s] INFO:colcon.colcon_ros.task.ament_python.build:Building ROS package in '/root/ros2_ws/src/obstacle_detection' with build type 'ament_python'
[7.669s] Level 1:colcon.colcon_core.shell:create_environment_hook('obstacle_detection', 'ament_prefix_path')
[7.792s] INFO:colcon.colcon_core.plugin_system:Skipping extension 'colcon_core.shell.bat': Not used on non-Windows systems
[7.792s] INFO:colcon.colcon_core.shell:Creating environment hook '/root/ros2_ws/src/obstacle_detection/install/obstacle_detection/share/obstacle_detection/hook/ament_prefix_path.ps1'
[7.800s] INFO:colcon.colcon_core.shell:Creating environment descriptor '/root/ros2_ws/src/obstacle_detection/install/obstacle_detection/share/obstacle_detection/hook/ament_prefix_path.dsv'
[7.808s] INFO:colcon.colcon_core.shell:Creating environment hook '/root/ros2_ws/src/obstacle_detection/install/obstacle_detection/share/obstacle_detection/hook/ament_prefix_path.sh'
[7.893s] INFO:colcon.colcon_core.shell:Skip shell extension 'powershell' for command environment: Not usable outside of PowerShell
[7.896s] DEBUG:colcon.colcon_core.shell:Skip shell extension 'dsv' for command environment
[9.384s] INFO:colcon.colcon_core.task.python.build:Building Python package in '/root/ros2_ws/src/obstacle_detection'
[9.448s] INFO:colcon.colcon_core.shell:Skip shell extension 'powershell' for command environment: Not usable outside of PowerShell
[9.448s] DEBUG:colcon.colcon_core.shell:Skip shell extension 'dsv' for command environment
[11.293s] DEBUG:colcon.colcon_core.event_handler.log_command:Invoking command in '/root/ros2_ws/src/obstacle_detection': PYTHONPATH=/root/ros2_ws/src/obstacle_detection/build/obstacle_detection/prefix_override:/root/ros2_ws/src/obstacle_detection/install/obstacle_detection/lib/python3.10/site-packages:${PYTHONPATH} /usr/bin/python3 setup.py egg_info --egg-base build/obstacle_detection build --build-base /root/ros2_ws/src/obstacle_detection/build/obstacle_detection/build install --record /root/ros2_ws/src/obstacle_detection/build/obstacle_detection/install.log --single-version-externally-managed
[12.969s] DEBUG:colcon.colcon_core.event_handler.log_command:Invoked command in '/root/ros2_ws/src/obstacle_detection' returned '0': PYTHONPATH=/root/ros2_ws/src/obstacle_detection/build/obstacle_detection/prefix_override:/root/ros2_ws/src/obstacle_detection/install/obstacle_detection/lib/python3.10/site-packages:${PYTHONPATH} /usr/bin/python3 setup.py egg_info --egg-base build/obstacle_detection build --build-base /root/ros2_ws/src/obstacle_detection/build/obstacle_detection/build install --record /root/ros2_ws/src/obstacle_detection/build/obstacle_detection/install.log --single-version-externally-managed
[13.136s] Level 1:colcon.colcon_core.environment:checking '/root/ros2_ws/src/obstacle_detection/install/obstacle_detection' for CMake module files
[13.137s] Level 1:colcon.colcon_core.environment:checking '/root/ros2_ws/src/obstacle_detection/install/obstacle_detection' for CMake config files
[13.140s] Level 1:colcon.colcon_core.environment:checking '/root/ros2_ws/src/obstacle_detection/install/obstacle_detection/lib'
[13.141s] Level 1:colcon.colcon_core.environment:checking '/root/ros2_ws/src/obstacle_detection/install/obstacle_detection/bin'
[13.144s] Level 1:colcon.colcon_core.environment:checking '/root/ros2_ws/src/obstacle_detection/install/obstacle_detection/lib/pkgconfig/obstacle_detection.pc'
[13.144s] Level 1:colcon.colcon_core.environment:checking '/root/ros2_ws/src/obstacle_detection/install/obstacle_detection/lib/python3.10/site-packages'
[13.145s] Level 1:colcon.colcon_core.shell:create_environment_hook('obstacle_detection', 'pythonpath')
[13.232s] INFO:colcon.colcon_core.shell:Creating environment hook '/root/ros2_ws/src/obstacle_detection/install/obstacle_detection/share/obstacle_detection/hook/pythonpath.ps1'
[13.233s] INFO:colcon.colcon_core.shell:Creating environment descriptor '/root/ros2_ws/src/obstacle_detection/install/obstacle_detection/share/obstacle_detection/hook/pythonpath.dsv'
[13.236s] INFO:colcon.colcon_core.shell:Creating environment hook '/root/ros2_ws/src/obstacle_detection/install/obstacle_detection/share/obstacle_detection/hook/pythonpath.sh'
[13.240s] Level 1:colcon.colcon_core.environment:checking '/root/ros2_ws/src/obstacle_detection/install/obstacle_detection/bin'
[13.240s] Level 1:colcon.colcon_core.environment:create_environment_scripts_only(obstacle_detection)
[13.304s] INFO:colcon.colcon_core.shell:Creating package script '/root/ros2_ws/src/obstacle_detection/install/obstacle_detection/share/obstacle_detection/package.ps1'
[13.312s] INFO:colcon.colcon_core.shell:Creating package descriptor '/root/ros2_ws/src/obstacle_detection/install/obstacle_detection/share/obstacle_detection/package.dsv'
[13.324s] INFO:colcon.colcon_core.shell:Creating package script '/root/ros2_ws/src/obstacle_detection/install/obstacle_detection/share/obstacle_detection/package.sh'
[13.328s] INFO:colcon.colcon_core.shell:Creating package script '/root/ros2_ws/src/obstacle_detection/install/obstacle_detection/share/obstacle_detection/package.bash'
[13.332s] INFO:colcon.colcon_core.shell:Creating package script '/root/ros2_ws/src/obstacle_detection/install/obstacle_detection/share/obstacle_detection/package.zsh'
[13.337s] Level 1:colcon.colcon_core.environment:create_file_with_runtime_dependencies(/root/ros2_ws/src/obstacle_detection/install/obstacle_detection/share/colcon-core/packages/obstacle_detection)
[13.340s] DEBUG:colcon.colcon_parallel_executor.executor.parallel:closing loop
[13.340s] DEBUG:colcon.colcon_parallel_executor.executor.parallel:loop closed
[13.340s] DEBUG:colcon.colcon_parallel_executor.executor.parallel:run_until_complete finished with '0'
[13.340s] DEBUG:colcon.colcon_core.event_reactor:joining thread
[13.516s] INFO:colcon.colcon_core.plugin_system:Skipping extension 'colcon_notification.desktop_notification.notify_send': Could not find 'notify-send'
[13.516s] INFO:colcon.colcon_core.plugin_system:Skipping extension 'colcon_notification.desktop_notification.terminal_notifier': Not used on non-Darwin systems
[13.516s] INFO:colcon.colcon_core.plugin_system:Skipping extension 'colcon_notification.desktop_notification.win32': Not used on non-Windows systems
[13.516s] INFO:colcon.colcon_notification.desktop_notification:Sending desktop notification using 'notify2'
[13.532s] DEBUG:colcon.colcon_notification.desktop_notification.notify2:Failed to initialize notify2: org.freedesktop.DBus.Error.Spawn.ExecFailed: /usr/bin/dbus-launch terminated abnormally without any error message
[13.536s] DEBUG:colcon.colcon_core.event_reactor:joined thread
[13.596s] INFO:colcon.colcon_core.shell:Creating prefix script '/root/ros2_ws/src/obstacle_detection/install/local_setup.ps1'
[13.598s] INFO:colcon.colcon_core.shell:Creating prefix util module '/root/ros2_ws/src/obstacle_detection/install/_local_setup_util_ps1.py'
[13.608s] INFO:colcon.colcon_core.shell:Creating prefix chain script '/root/ros2_ws/src/obstacle_detection/install/setup.ps1'
[13.660s] INFO:colcon.colcon_core.shell:Creating prefix script '/root/ros2_ws/src/obstacle_detection/install/local_setup.sh'
[13.664s] INFO:colcon.colcon_core.shell:Creating prefix util module '/root/ros2_ws/src/obstacle_detection/install/_local_setup_util_sh.py'
[13.665s] INFO:colcon.colcon_core.shell:Creating prefix chain script '/root/ros2_ws/src/obstacle_detection/install/setup.sh'
[13.717s] INFO:colcon.colcon_core.shell:Creating prefix script '/root/ros2_ws/src/obstacle_detection/install/local_setup.bash'
[13.720s] INFO:colcon.colcon_core.shell:Creating prefix chain script '/root/ros2_ws/src/obstacle_detection/install/setup.bash'
[13.773s] INFO:colcon.colcon_core.shell:Creating prefix script '/root/ros2_ws/src/obstacle_detection/install/local_setup.zsh'
[13.776s] INFO:colcon.colcon_core.shell:Creating prefix chain script '/root/ros2_ws/src/obstacle_detection/install/setup.zsh'
